<?xml version="1.0" encoding="UTF-8"?>
<!-- Generated by org.testng.reporters.JUnitReportReporter -->
<testsuite hostname="DESKTOP-99LG8V7" failures="0" tests="2" name="Tests.Testone" time="2.074" errors="0" timestamp="2023-06-30T01:01:23 PDT" skipped="0">
  <testcase classname="Tests.Testone" name="test_2" time="0.706"/>
  <testcase classname="Tests.Testone" name="test_1" time="1.368"/>
</testsuite> <!-- Tests.Testone -->
